0 info it worked if it ends with ok
1 verbose cli [ 'node', '/usr/local/share/npm/bin/npm', 'install' ]
2 info using npm@1.2.14
3 info using node@v0.10.1
4 verbose node symlink /usr/local/bin/node
5 verbose read json /Users/daniel/package.json
6 error install Couldn't read dependencies
7 error Error: ENOENT, open '/Users/daniel/package.json'
8 error If you need help, you may report this log at:
8 error     <http://github.com/isaacs/npm/issues>
8 error or email it to:
8 error     <npm-@googlegroups.com>
9 error System Darwin 12.3.0
10 error command "node" "/usr/local/share/npm/bin/npm" "install"
11 error cwd /Users/daniel/Dropbox/projects/akvo.org/akvo-flow
12 error node -v v0.10.1
13 error npm -v 1.2.14
14 error path /Users/daniel/package.json
15 error code ENOENT
16 error errno 34
17 verbose exit [ 34, true ]
